<?xml version="1.0" encoding="utf-8"?><testsuites name="pytest tests"><testsuite name="pytest" errors="0" failures="0" skipped="0" tests="9" time="3.314" timestamp="2026-07-11T17:29:27.641848+00:00" hostname="agent-env-986c96f4-66b8-40b0-900a-2de0a216c457"><testcase classname="tests.test_products_and_sort" name="test_products_returns_list" time="0.615" /><testcase classname="tests.test_products_and_sort" name="test_counts" time="0.001" /><testcase classname="tests.test_products_and_sort" name="test_key_prices[ETERNAL KEY-199.0]" time="0.001" /><testcase classname="tests.test_products_and_sort" name="test_key_prices[PRIME KEY-179.0]" time="0.001" /><testcase classname="tests.test_products_and_sort" name="test_key_prices[SPAWNERS KEY-140.0]" time="0.001" /><testcase classname="tests.test_products_and_sort" name="test_key_prices[VIP KEY-100.0]" time="0.001" /><testcase classname="tests.test_products_and_sort" name="test_key_prices[COMMON KEY-1.0]" time="0.002" /><testcase classname="tests.test_products_and_sort" name="test_config_endpoint" time="0.372" /><testcase classname="tests.test_products_and_sort" name="test_order_creation" time="0.189" /></testsuite></testsuites>